<?xml version="1.0" encoding="UTF-8"?>
<testng-results ignored="0" total="2" passed="2" failed="0" skipped="0">
  <reporter-output>
  </reporter-output>
  <suite started-at="2023-04-03T11:05:42 IST" name="OrangeHRM DataDriven_Test Suite" finished-at="2023-04-03T11:06:00 IST" duration-ms="17872">
    <groups>
    </groups>
    <test started-at="2023-04-03T11:05:42 IST" name="Admin Login TestCase with valid data" finished-at="2023-04-03T11:05:56 IST" duration-ms="13862">
      <class name="orangehrm.testcases.AdminLoginTestwithValidData">
        <test-method signature="checkAdminLogin()[pri:0, instance:orangehrm.testcases.AdminLoginTestwithValidData@48974e45]" started-at="2023-04-03T11:05:42 IST" name="checkAdminLogin" finished-at="2023-04-03T11:05:56 IST" duration-ms="13825" status="PASS">
          <reporter-output>
          </reporter-output>
        </test-method> <!-- checkAdminLogin -->
      </class> <!-- orangehrm.testcases.AdminLoginTestwithValidData -->
    </test> <!-- Admin Login TestCase with valid data -->
    <test started-at="2023-04-03T11:05:56 IST" name="Admin Login TestCase with InValid data" finished-at="2023-04-03T11:06:00 IST" duration-ms="3965">
      <class name="orangehrm.testcases.AdminLoginTestwithInvalidData">
        <test-method is-config="true" signature="launchApp()[pri:0, instance:orangehrm.testcases.AdminLoginTestwithInvalidData@3d6f0054]" started-at="2023-04-03T11:05:37 IST" name="launchApp" finished-at="2023-04-03T11:05:42 IST" duration-ms="4487" status="PASS">
          <reporter-output>
          </reporter-output>
        </test-method> <!-- launchApp -->
        <test-method signature="checkAdminLogin()[pri:0, instance:orangehrm.testcases.AdminLoginTestwithInvalidData@3d6f0054]" started-at="2023-04-03T11:05:56 IST" name="checkAdminLogin" finished-at="2023-04-03T11:06:00 IST" duration-ms="3945" status="PASS">
          <reporter-output>
          </reporter-output>
        </test-method> <!-- checkAdminLogin -->
        <test-method is-config="true" signature="closeApp()[pri:0, instance:orangehrm.testcases.AdminLoginTestwithInvalidData@3d6f0054]" started-at="2023-04-03T11:06:00 IST" name="closeApp" finished-at="2023-04-03T11:06:00 IST" duration-ms="646" status="PASS">
          <reporter-output>
          </reporter-output>
        </test-method> <!-- closeApp -->
      </class> <!-- orangehrm.testcases.AdminLoginTestwithInvalidData -->
    </test> <!-- Admin Login TestCase with InValid data -->
  </suite> <!-- OrangeHRM DataDriven_Test Suite -->
</testng-results>
